


ARM Macro Assembler    Page 1 


    1 00000000         ;/******************************************************
                       ************************
    2 00000000         ; * @file     startup_SN32F700B.s
    3 00000000         ; * @brief    CMSIS Cortex-M0 Core Device Startup File
    4 00000000         ; *           for the SONIX SN32F700B Device Series
    5 00000000         ; * @version  V1.0.0
    6 00000000         ; * @date     Oct 2014
    7 00000000         ; *------- <<< Use Configuration Wizard in Context Menu 
                       >>> ------------------
    8 00000000         ; *
    9 00000000         ; * @note
   10 00000000         ; * Copyright (C) 2009-2013 ARM Limited. All rights rese
                       rved.
   11 00000000         ; *
   12 00000000         ; * @par
   13 00000000         ; * ARM Limited (ARM) is supplying this software for use
                        with Cortex-M 
   14 00000000         ; * processor based microcontrollers.  This file can be 
                       freely distributed 
   15 00000000         ; * within development tools that are supporting such AR
                       M based processors. 
   16 00000000         ; *
   17 00000000         ; * @par
   18 00000000         ; * THIS SOFTWARE IS PROVIDED "AS IS".  NO WARRANTIES, W
                       HETHER EXPRESS, IMPLIED
   19 00000000         ; * OR STATUTORY, INCLUDING, BUT NOT LIMITED TO, IMPLIED
                        WARRANTIES OF
   20 00000000         ; * MERCHANTABILITY AND FITNESS FOR A PARTICULAR PURPOSE
                        APPLY TO THIS SOFTWARE.
   21 00000000         ; * ARM SHALL NOT, IN ANY CIRCUMSTANCES, BE LIABLE FOR S
                       PECIAL, INCIDENTAL, OR
   22 00000000         ; * CONSEQUENTIAL DAMAGES, FOR ANY REASON WHATSOEVER.
   23 00000000         ; *
   24 00000000         ; ******************************************************
                       ************************/
   25 00000000         
   26 00000000         
   27 00000000         ; <h> Stack Configuration
   28 00000000         ;   <o> Stack Size (in Bytes) <0x0-0xFFFFFFFF:8>
   29 00000000         ; </h>
   30 00000000         
   31 00000000 00000200 
                       Stack_Size
                               EQU              0x00000200
   32 00000000         
   33 00000000                 AREA             STACK, NOINIT, READWRITE, ALIGN
=3
   34 00000000         Stack_Mem
                               SPACE            Stack_Size
   35 00000200         __initial_sp
   36 00000200         
   37 00000200         
   38 00000200         ; <h> Heap Configuration
   39 00000200         ;   <o>  Heap Size (in Bytes) <0x0-0xFFFFFFFF:8>
   40 00000200         ; </h>
   41 00000200         
   42 00000200 00000000 
                       Heap_Size
                               EQU              0x00000000



ARM Macro Assembler    Page 2 


   43 00000200         
   44 00000200                 AREA             HEAP, NOINIT, READWRITE, ALIGN=
3
   45 00000000         __heap_base
   46 00000000         Heap_Mem
                               SPACE            Heap_Size
   47 00000000         __heap_limit
   48 00000000         
   49 00000000         
   50 00000000                 PRESERVE8
   51 00000000                 THUMB
   52 00000000         
   53 00000000         
   54 00000000         ; Vector Table Mapped to Address 0 at Reset
   55 00000000         
   56 00000000                 AREA             RESET, DATA, READONLY
   57 00000000                 EXPORT           __Vectors
   58 00000000         
   59 00000000 00000000 
                       __Vectors
                               DCD              __initial_sp ; Top of Stack
   60 00000004 00000000        DCD              Reset_Handler ; Reset Handler
   61 00000008 00000000        DCD              NMI_Handler ; NMI Handler
   62 0000000C 00000000        DCD              HardFault_Handler ; Hard Fault 
                                                            Handler
   63 00000010 00000000        DCD              0           ; Reserved
   64 00000014 00000000        DCD              0           ; Reserved
   65 00000018 00000000        DCD              0           ; Reserved
   66 0000001C 00000000        DCD              0           ; Reserved
   67 00000020 00000000        DCD              0           ; Reserved
   68 00000024 00000000        DCD              0           ; Reserved
   69 00000028 00000000        DCD              0           ; Reserved
   70 0000002C 00000000        DCD              SVC_Handler ; SVCall Handler
   71 00000030 00000000        DCD              0           ; Reserved
   72 00000034 00000000        DCD              0           ; Reserved
   73 00000038 00000000        DCD              PendSV_Handler ; PendSV Handler
                                                            
   74 0000003C 00000000        DCD              SysTick_Handler 
                                                            ; SysTick Handler
   75 00000040         
   76 00000040         ; External Interrupts
   77 00000040 00000000        DCD              NDT_IRQHandler ; 16+ 0: NDT
   78 00000044 00000000        DCD              CMP0_IRQHandler ; 16+ 1: CMP0
   79 00000048 00000000        DCD              CMP1_IRQHandler ; 16+ 2: CMP1
   80 0000004C 00000000        DCD              0           ; 16+ 3: Reserved
   81 00000050 00000000        DCD              0           ; 16+ 4: Reserved
   82 00000054 00000000        DCD              0           ; 16+ 5: Reserved
   83 00000058 00000000        DCD              0           ; 16+ 6: Reserved
   84 0000005C 00000000        DCD              0           ; 16+ 7: Reserved
   85 00000060 00000000        DCD              0           ; 16+ 8: Reserved
   86 00000064 00000000        DCD              0           ; 16+ 9: Reserved
   87 00000068 00000000        DCD              0           ; 16+10: Reserved
   88 0000006C 00000000        DCD              0           ; 16+11: Reserved
   89 00000070 00000000        DCD              CT16B2_IRQHandler ; 16+12: CT16
                                                            B2                
   90 00000074 00000000        DCD              SPI0_IRQHandler ; 16+13: SPI0
   91 00000078 00000000        DCD              0           ; 16+14: Reserved
   92 0000007C 00000000        DCD              I2C0_IRQHandler ; 16+15: I2C0  
                                                                          



ARM Macro Assembler    Page 3 


   93 00000080 00000000        DCD              CT16B0_IRQHandler ; 16+16: 16-b
                                                            it Counter-Timer 0
   94 00000084 00000000        DCD              CT16B1_IRQHandler ; 16+17: 16-b
                                                            it Counter-Timer 1
   95 00000088 00000000        DCD              0           ; 16+18: Reserved
   96 0000008C 00000000        DCD              0           ; 16+19: Reserved
   97 00000090 00000000        DCD              0           ; 16+20: Reserved
   98 00000094 00000000        DCD              UART0_IRQHandler ; 16+21: UART0
                                                            
   99 00000098 00000000        DCD              UART1_IRQHandler ; 16+22: UART1
                                                            
  100 0000009C 00000000        DCD              0           ; 16+23: Reserved 
  101 000000A0 00000000        DCD              ADC_IRQHandler ; 16+24: A/D Con
                                                            verter             
                                                               
  102 000000A4 00000000        DCD              WDT_IRQHandler ; 16+25: Watchdo
                                                            g Timer            
                                                                
  103 000000A8 00000000        DCD              LVD_IRQHandler ; 16+26: Low Vol
                                                            tage Detect
  104 000000AC 00000000        DCD              RTC_IRQHandler ; 16+27: Real Ti
                                                            me Clock
  105 000000B0 00000000        DCD              P3_IRQHandler ; 16+28: PIO INT3
                                                            
  106 000000B4 00000000        DCD              P2_IRQHandler ; 16+29: PIO INT2
                                                            
  107 000000B8 00000000        DCD              P1_IRQHandler ; 16+30: PIO INT1
                                                            
  108 000000BC 00000000        DCD              P0_IRQHandler ; 16+31: PIO INT0
                                                            
  109 000000C0         
  110 000000C0         
  111 000000C0         
  112 000000C0         
  113 000000C0                 AREA             |.text|, CODE, READONLY
  114 00000000         
  115 00000000         ; Reset Handler
  116 00000000         
  117 00000000         Reset_Handler
                               PROC
  118 00000000                 EXPORT           Reset_Handler   [WEAK]
  119 00000000         ;IMPORT  SystemInit
  120 00000000                 IMPORT           __main
  121 00000000         ;LDR     R0, =SystemInit
  122 00000000         ;BLX     R0
  123 00000000 4806            LDR              R0, =__main
  124 00000002 4700            BX               R0
  125 00000004                 ENDP
  126 00000004         
  127 00000004         
  128 00000004         ; Dummy Exception Handlers (infinite loops which can be 
                       modified)                
  129 00000004         
  130 00000004         NMI_Handler
                               PROC
  131 00000004                 EXPORT           NMI_Handler    [WEAK]
  132 00000004 E7FE            B                .
  133 00000006                 ENDP
  134 00000006         HardFault_Handler



ARM Macro Assembler    Page 4 


                               PROC
  135 00000006                 EXPORT           HardFault_Handler  [WEAK]
  136 00000006 E7FE            B                .
  137 00000008                 ENDP
  138 00000008         SVC_Handler
                               PROC
  139 00000008                 EXPORT           SVC_Handler    [WEAK]
  140 00000008 E7FE            B                .
  141 0000000A                 ENDP
  142 0000000A         PendSV_Handler
                               PROC
  143 0000000A                 EXPORT           PendSV_Handler   [WEAK]
  144 0000000A E7FE            B                .
  145 0000000C                 ENDP
  146 0000000C         SysTick_Handler
                               PROC
  147 0000000C                 EXPORT           SysTick_Handler   [WEAK]
  148 0000000C E7FE            B                .
  149 0000000E                 ENDP
  150 0000000E         Default_Handler
                               PROC
  151 0000000E                 EXPORT           NDT_IRQHandler   [WEAK]
  152 0000000E                 EXPORT           CMP0_IRQHandler   [WEAK]
  153 0000000E                 EXPORT           CMP1_IRQHandler   [WEAK]
  154 0000000E                 EXPORT           CT16B2_IRQHandler  [WEAK]
  155 0000000E                 EXPORT           SPI0_IRQHandler   [WEAK]
  156 0000000E                 EXPORT           I2C0_IRQHandler   [WEAK]
  157 0000000E                 EXPORT           CT16B0_IRQHandler  [WEAK]
  158 0000000E                 EXPORT           CT16B1_IRQHandler  [WEAK]
  159 0000000E                 EXPORT           UART0_IRQHandler  [WEAK]
  160 0000000E                 EXPORT           UART1_IRQHandler  [WEAK]
  161 0000000E                 EXPORT           ADC_IRQHandler   [WEAK]
  162 0000000E                 EXPORT           WDT_IRQHandler   [WEAK]
  163 0000000E                 EXPORT           LVD_IRQHandler   [WEAK]
  164 0000000E                 EXPORT           RTC_IRQHandler   [WEAK]
  165 0000000E                 EXPORT           P3_IRQHandler   [WEAK]
  166 0000000E                 EXPORT           P2_IRQHandler   [WEAK]
  167 0000000E                 EXPORT           P1_IRQHandler   [WEAK]
  168 0000000E                 EXPORT           P0_IRQHandler   [WEAK]
  169 0000000E         
  170 0000000E         NDT_IRQHandler
  171 0000000E         CMP0_IRQHandler
  172 0000000E         CMP1_IRQHandler
  173 0000000E         CT16B2_IRQHandler
  174 0000000E         SPI0_IRQHandler
  175 0000000E         I2C0_IRQHandler
  176 0000000E         CT16B0_IRQHandler
  177 0000000E         CT16B1_IRQHandler
  178 0000000E         UART0_IRQHandler
  179 0000000E         UART1_IRQHandler
  180 0000000E         ADC_IRQHandler
  181 0000000E         WDT_IRQHandler
  182 0000000E         LVD_IRQHandler
  183 0000000E         RTC_IRQHandler
  184 0000000E         P3_IRQHandler
  185 0000000E         P2_IRQHandler
  186 0000000E         P1_IRQHandler
  187 0000000E         P0_IRQHandler
  188 0000000E         



ARM Macro Assembler    Page 5 


  189 0000000E E7FE            B                .
  190 00000010         
  191 00000010                 ENDP
  192 00000010         
  193 00000010         
  194 00000010                 ALIGN
  195 00000010         
  196 00000010         
  197 00000010         ; User Initial Stack & Heap
  198 00000010         
  199 00000010                 IF               :DEF:__MICROLIB
  206 00000010         
  207 00000010                 IMPORT           __use_two_region_memory
  208 00000010                 EXPORT           __user_initial_stackheap
  209 00000010         __user_initial_stackheap
  210 00000010         
  211 00000010 4803            LDR              R0, =  Heap_Mem
  212 00000012 4904            LDR              R1, =(Stack_Mem + Stack_Size)
  213 00000014 4A02            LDR              R2, = (Heap_Mem +  Heap_Size)
  214 00000016 4B04            LDR              R3, = Stack_Mem
  215 00000018 4770            BX               LR
  216 0000001A         
  217 0000001A 00 00           ALIGN
  218 0000001C         
  219 0000001C                 ENDIF
  220 0000001C         
  221 0000001C         
  222 0000001C                 END
              00000000 
              00000000 
              00000200 
              00000000 
Command Line: --debug --xref --diag_suppress=9931 --cpu=Cortex-M0 --apcs=interw
ork --depend=.\obj\startup_sn32f700b.d -o.\obj\startup_sn32f700b.o -I.\RTE\_SN3
2F700B -IC:\Keil_v5\ARM\PACK\ARM\CMSIS\5.4.0\CMSIS\Core\Include -IC:\Keil_v5\AR
M\PACK\SONiX\SN32F7_DFP\1.4.5\Device\Include --predefine="__UVISION_VERSION SET
A 525" --predefine="_RTE_ SETA 1" --predefine="SN32F700B SETA 1" --list=.\start
up_sn32f700b.lst RTE\Device\SN32F705BJ\startup_SN32F700B.s



ARM Macro Assembler    Page 1 Alphabetic symbol ordering
Relocatable symbols

STACK 00000000

Symbol: STACK
   Definitions
      At line 33 in file RTE\Device\SN32F705BJ\startup_SN32F700B.s
   Uses
      None
Comment: STACK unused
Stack_Mem 00000000

Symbol: Stack_Mem
   Definitions
      At line 34 in file RTE\Device\SN32F705BJ\startup_SN32F700B.s
   Uses
      At line 212 in file RTE\Device\SN32F705BJ\startup_SN32F700B.s
      At line 214 in file RTE\Device\SN32F705BJ\startup_SN32F700B.s

__initial_sp 00000200

Symbol: __initial_sp
   Definitions
      At line 35 in file RTE\Device\SN32F705BJ\startup_SN32F700B.s
   Uses
      At line 59 in file RTE\Device\SN32F705BJ\startup_SN32F700B.s
Comment: __initial_sp used once
3 symbols



ARM Macro Assembler    Page 1 Alphabetic symbol ordering
Relocatable symbols

HEAP 00000000

Symbol: HEAP
   Definitions
      At line 44 in file RTE\Device\SN32F705BJ\startup_SN32F700B.s
   Uses
      None
Comment: HEAP unused
Heap_Mem 00000000

Symbol: Heap_Mem
   Definitions
      At line 46 in file RTE\Device\SN32F705BJ\startup_SN32F700B.s
   Uses
      At line 211 in file RTE\Device\SN32F705BJ\startup_SN32F700B.s
      At line 213 in file RTE\Device\SN32F705BJ\startup_SN32F700B.s

__heap_base 00000000

Symbol: __heap_base
   Definitions
      At line 45 in file RTE\Device\SN32F705BJ\startup_SN32F700B.s
   Uses
      None
Comment: __heap_base unused
__heap_limit 00000000

Symbol: __heap_limit
   Definitions
      At line 47 in file RTE\Device\SN32F705BJ\startup_SN32F700B.s
   Uses
      None
Comment: __heap_limit unused
4 symbols



ARM Macro Assembler    Page 1 Alphabetic symbol ordering
Relocatable symbols

RESET 00000000

Symbol: RESET
   Definitions
      At line 56 in file RTE\Device\SN32F705BJ\startup_SN32F700B.s
   Uses
      None
Comment: RESET unused
__Vectors 00000000

Symbol: __Vectors
   Definitions
      At line 59 in file RTE\Device\SN32F705BJ\startup_SN32F700B.s
   Uses
      At line 57 in file RTE\Device\SN32F705BJ\startup_SN32F700B.s
Comment: __Vectors used once
2 symbols



ARM Macro Assembler    Page 1 Alphabetic symbol ordering
Relocatable symbols

.text 00000000

Symbol: .text
   Definitions
      At line 113 in file RTE\Device\SN32F705BJ\startup_SN32F700B.s
   Uses
      None
Comment: .text unused
ADC_IRQHandler 0000000E

Symbol: ADC_IRQHandler
   Definitions
      At line 180 in file RTE\Device\SN32F705BJ\startup_SN32F700B.s
   Uses
      At line 101 in file RTE\Device\SN32F705BJ\startup_SN32F700B.s
      At line 161 in file RTE\Device\SN32F705BJ\startup_SN32F700B.s

CMP0_IRQHandler 0000000E

Symbol: CMP0_IRQHandler
   Definitions
      At line 171 in file RTE\Device\SN32F705BJ\startup_SN32F700B.s
   Uses
      At line 78 in file RTE\Device\SN32F705BJ\startup_SN32F700B.s
      At line 152 in file RTE\Device\SN32F705BJ\startup_SN32F700B.s

CMP1_IRQHandler 0000000E

Symbol: CMP1_IRQHandler
   Definitions
      At line 172 in file RTE\Device\SN32F705BJ\startup_SN32F700B.s
   Uses
      At line 79 in file RTE\Device\SN32F705BJ\startup_SN32F700B.s
      At line 153 in file RTE\Device\SN32F705BJ\startup_SN32F700B.s

CT16B0_IRQHandler 0000000E

Symbol: CT16B0_IRQHandler
   Definitions
      At line 176 in file RTE\Device\SN32F705BJ\startup_SN32F700B.s
   Uses
      At line 93 in file RTE\Device\SN32F705BJ\startup_SN32F700B.s
      At line 157 in file RTE\Device\SN32F705BJ\startup_SN32F700B.s

CT16B1_IRQHandler 0000000E

Symbol: CT16B1_IRQHandler
   Definitions
      At line 177 in file RTE\Device\SN32F705BJ\startup_SN32F700B.s
   Uses
      At line 94 in file RTE\Device\SN32F705BJ\startup_SN32F700B.s
      At line 158 in file RTE\Device\SN32F705BJ\startup_SN32F700B.s

CT16B2_IRQHandler 0000000E

Symbol: CT16B2_IRQHandler
   Definitions
      At line 173 in file RTE\Device\SN32F705BJ\startup_SN32F700B.s
   Uses



ARM Macro Assembler    Page 2 Alphabetic symbol ordering
Relocatable symbols

      At line 89 in file RTE\Device\SN32F705BJ\startup_SN32F700B.s
      At line 154 in file RTE\Device\SN32F705BJ\startup_SN32F700B.s

Default_Handler 0000000E

Symbol: Default_Handler
   Definitions
      At line 150 in file RTE\Device\SN32F705BJ\startup_SN32F700B.s
   Uses
      None
Comment: Default_Handler unused
HardFault_Handler 00000006

Symbol: HardFault_Handler
   Definitions
      At line 134 in file RTE\Device\SN32F705BJ\startup_SN32F700B.s
   Uses
      At line 62 in file RTE\Device\SN32F705BJ\startup_SN32F700B.s
      At line 135 in file RTE\Device\SN32F705BJ\startup_SN32F700B.s

I2C0_IRQHandler 0000000E

Symbol: I2C0_IRQHandler
   Definitions
      At line 175 in file RTE\Device\SN32F705BJ\startup_SN32F700B.s
   Uses
      At line 92 in file RTE\Device\SN32F705BJ\startup_SN32F700B.s
      At line 156 in file RTE\Device\SN32F705BJ\startup_SN32F700B.s

LVD_IRQHandler 0000000E

Symbol: LVD_IRQHandler
   Definitions
      At line 182 in file RTE\Device\SN32F705BJ\startup_SN32F700B.s
   Uses
      At line 103 in file RTE\Device\SN32F705BJ\startup_SN32F700B.s
      At line 163 in file RTE\Device\SN32F705BJ\startup_SN32F700B.s

NDT_IRQHandler 0000000E

Symbol: NDT_IRQHandler
   Definitions
      At line 170 in file RTE\Device\SN32F705BJ\startup_SN32F700B.s
   Uses
      At line 77 in file RTE\Device\SN32F705BJ\startup_SN32F700B.s
      At line 151 in file RTE\Device\SN32F705BJ\startup_SN32F700B.s

NMI_Handler 00000004

Symbol: NMI_Handler
   Definitions
      At line 130 in file RTE\Device\SN32F705BJ\startup_SN32F700B.s
   Uses
      At line 61 in file RTE\Device\SN32F705BJ\startup_SN32F700B.s
      At line 131 in file RTE\Device\SN32F705BJ\startup_SN32F700B.s

P0_IRQHandler 0000000E

Symbol: P0_IRQHandler



ARM Macro Assembler    Page 3 Alphabetic symbol ordering
Relocatable symbols

   Definitions
      At line 187 in file RTE\Device\SN32F705BJ\startup_SN32F700B.s
   Uses
      At line 108 in file RTE\Device\SN32F705BJ\startup_SN32F700B.s
      At line 168 in file RTE\Device\SN32F705BJ\startup_SN32F700B.s

P1_IRQHandler 0000000E

Symbol: P1_IRQHandler
   Definitions
      At line 186 in file RTE\Device\SN32F705BJ\startup_SN32F700B.s
   Uses
      At line 107 in file RTE\Device\SN32F705BJ\startup_SN32F700B.s
      At line 167 in file RTE\Device\SN32F705BJ\startup_SN32F700B.s

P2_IRQHandler 0000000E

Symbol: P2_IRQHandler
   Definitions
      At line 185 in file RTE\Device\SN32F705BJ\startup_SN32F700B.s
   Uses
      At line 106 in file RTE\Device\SN32F705BJ\startup_SN32F700B.s
      At line 166 in file RTE\Device\SN32F705BJ\startup_SN32F700B.s

P3_IRQHandler 0000000E

Symbol: P3_IRQHandler
   Definitions
      At line 184 in file RTE\Device\SN32F705BJ\startup_SN32F700B.s
   Uses
      At line 105 in file RTE\Device\SN32F705BJ\startup_SN32F700B.s
      At line 165 in file RTE\Device\SN32F705BJ\startup_SN32F700B.s

PendSV_Handler 0000000A

Symbol: PendSV_Handler
   Definitions
      At line 142 in file RTE\Device\SN32F705BJ\startup_SN32F700B.s
   Uses
      At line 73 in file RTE\Device\SN32F705BJ\startup_SN32F700B.s
      At line 143 in file RTE\Device\SN32F705BJ\startup_SN32F700B.s

RTC_IRQHandler 0000000E

Symbol: RTC_IRQHandler
   Definitions
      At line 183 in file RTE\Device\SN32F705BJ\startup_SN32F700B.s
   Uses
      At line 104 in file RTE\Device\SN32F705BJ\startup_SN32F700B.s
      At line 164 in file RTE\Device\SN32F705BJ\startup_SN32F700B.s

Reset_Handler 00000000

Symbol: Reset_Handler
   Definitions
      At line 117 in file RTE\Device\SN32F705BJ\startup_SN32F700B.s
   Uses
      At line 60 in file RTE\Device\SN32F705BJ\startup_SN32F700B.s
      At line 118 in file RTE\Device\SN32F705BJ\startup_SN32F700B.s



ARM Macro Assembler    Page 4 Alphabetic symbol ordering
Relocatable symbols


SPI0_IRQHandler 0000000E

Symbol: SPI0_IRQHandler
   Definitions
      At line 174 in file RTE\Device\SN32F705BJ\startup_SN32F700B.s
   Uses
      At line 90 in file RTE\Device\SN32F705BJ\startup_SN32F700B.s
      At line 155 in file RTE\Device\SN32F705BJ\startup_SN32F700B.s

SVC_Handler 00000008

Symbol: SVC_Handler
   Definitions
      At line 138 in file RTE\Device\SN32F705BJ\startup_SN32F700B.s
   Uses
      At line 70 in file RTE\Device\SN32F705BJ\startup_SN32F700B.s
      At line 139 in file RTE\Device\SN32F705BJ\startup_SN32F700B.s

SysTick_Handler 0000000C

Symbol: SysTick_Handler
   Definitions
      At line 146 in file RTE\Device\SN32F705BJ\startup_SN32F700B.s
   Uses
      At line 74 in file RTE\Device\SN32F705BJ\startup_SN32F700B.s
      At line 147 in file RTE\Device\SN32F705BJ\startup_SN32F700B.s

UART0_IRQHandler 0000000E

Symbol: UART0_IRQHandler
   Definitions
      At line 178 in file RTE\Device\SN32F705BJ\startup_SN32F700B.s
   Uses
      At line 98 in file RTE\Device\SN32F705BJ\startup_SN32F700B.s
      At line 159 in file RTE\Device\SN32F705BJ\startup_SN32F700B.s

UART1_IRQHandler 0000000E

Symbol: UART1_IRQHandler
   Definitions
      At line 179 in file RTE\Device\SN32F705BJ\startup_SN32F700B.s
   Uses
      At line 99 in file RTE\Device\SN32F705BJ\startup_SN32F700B.s
      At line 160 in file RTE\Device\SN32F705BJ\startup_SN32F700B.s

WDT_IRQHandler 0000000E

Symbol: WDT_IRQHandler
   Definitions
      At line 181 in file RTE\Device\SN32F705BJ\startup_SN32F700B.s
   Uses
      At line 102 in file RTE\Device\SN32F705BJ\startup_SN32F700B.s
      At line 162 in file RTE\Device\SN32F705BJ\startup_SN32F700B.s

__user_initial_stackheap 00000010

Symbol: __user_initial_stackheap
   Definitions



ARM Macro Assembler    Page 5 Alphabetic symbol ordering
Relocatable symbols

      At line 209 in file RTE\Device\SN32F705BJ\startup_SN32F700B.s
   Uses
      At line 208 in file RTE\Device\SN32F705BJ\startup_SN32F700B.s
Comment: __user_initial_stackheap used once
27 symbols



ARM Macro Assembler    Page 1 Alphabetic symbol ordering
Absolute symbols

Heap_Size 00000000

Symbol: Heap_Size
   Definitions
      At line 42 in file RTE\Device\SN32F705BJ\startup_SN32F700B.s
   Uses
      At line 46 in file RTE\Device\SN32F705BJ\startup_SN32F700B.s
      At line 213 in file RTE\Device\SN32F705BJ\startup_SN32F700B.s

Stack_Size 00000200

Symbol: Stack_Size
   Definitions
      At line 31 in file RTE\Device\SN32F705BJ\startup_SN32F700B.s
   Uses
      At line 34 in file RTE\Device\SN32F705BJ\startup_SN32F700B.s
      At line 212 in file RTE\Device\SN32F705BJ\startup_SN32F700B.s

2 symbols



ARM Macro Assembler    Page 1 Alphabetic symbol ordering
External symbols

__main 00000000

Symbol: __main
   Definitions
      At line 120 in file RTE\Device\SN32F705BJ\startup_SN32F700B.s
   Uses
      At line 123 in file RTE\Device\SN32F705BJ\startup_SN32F700B.s
Comment: __main used once
__use_two_region_memory 00000000

Symbol: __use_two_region_memory
   Definitions
      At line 207 in file RTE\Device\SN32F705BJ\startup_SN32F700B.s
   Uses
      None
Comment: __use_two_region_memory unused
2 symbols
377 symbols in table
